android/app/build/outputs/mapping/release/seeds.txt
com.carservicemanagement.MainActivity
com.carservicemanagement.MainApplication
com.carservicemanagement.MainApplication: MainApplication()
com.carservicemanagement.MainActivity: MainActivity()
...
com.facebook.react.bridge.FallbackJSBundleLoader: java.util.ArrayList mRecoveredErrors
com.google.android.gms.internal.measurement.zzgi: com.google.android.gms.internal.measurement.zzkl zzd
me.zhanghai.android.materialprogressbar.R$dimen: int abc_dialog_title_divider_material
com.facebook.react.views.textinput.ReactTextInputManager: int AUTOCAPITALIZE_FLAGS
com.facebook.react.modules.dialog.DialogModule: java.lang.String ACTION_BUTTON_CLICKED
me.zhanghai.android.materialprogressbar.R$drawable: int abc_action_bar_item_background_material
io.invertase.firebase.utils.ReactNativeFirebaseUtilsModule: java.lang.String TAG
me.zhanghai.android.materialprogressbar.R$styleable: int AppCompatImageView_tintMode
com.google.android.gms.internal.auth-api.zbp: android.os.Parcelable$Creator CREATOR
kotlinx.coroutines.scheduling.CoroutineScheduler: long controlState
me.zhanghai.android.materialprogressbar.R$style: int Widget_MaterialProgressBar_ProgressBar_Horizontal
com.google.android.gms.internal.measurement.zzff: com.google.android.gms.internal.measurement.zzkm zzn
com.swmansion.gesturehandler.react.RNGestureHandlerModule: java.lang.String KEY_TAP_NUMBER_OF_TAPS
me.zhanghai.android.materialprogressbar.R$drawable: int notify_panel_notification_icon_bg
me.zhanghai.android.materialprogressbar.R$id: int titleDividerNoCustom
me.zhanghai.android.materialprogressbar.R$styleable: int AppCompatTheme_tooltipFrameBackground
me.zhanghai.android.materialprogressbar.R$style: int Widget_AppCompat_Button
me.zhanghai.android.materialprogressbar.R$styleable: int ActivityChooserView_initialActivityCount
me.zhanghai.android.materialprogressbar.R$style: int Base_Widget_AppCompat_ActivityChooserView
me.zhanghai.android.materialprogressbar.R$styleable: int AppCompatTheme_alertDialogStyle
me.zhanghai.android.materialprogressbar.R$dimen: int abc_floating_window_z
me.zhanghai.android.materialprogressbar.R$style: int Widget_AppCompat_CompoundButton_Switch
me.zhanghai.android.materialprogressbar.R$styleable: int AppCompatTheme_actionBarPopupTheme
com.reactnativecommunity.picker.ReactPickerManager: com.facebook.react.bridge.ReadableArray EMPTY_ARRAY
me.zhanghai.android.materialprogressbar.R$dimen: int notification_small_icon_background_padding
me.zhanghai.android.materialprogressbar.R$anim: int abc_popup_enter
me.zhanghai.android.materialprogressbar.R$dimen: int abc_text_size_caption_material
com.swmansion.gesturehandler.react.RNGestureHandlerModule: java.lang.String KEY_NUMBER_OF_POINTERS
me.zhanghai.android.materialprogressbar.R$color: int accent_material_light
com.reactnative.ivpusic.imagepicker.PickerModule: java.lang.String E_NO_LIBRARY_PERMISSION_KEY
com.facebook.react.bridge.JavaMethodWrapper: java.lang.String mSignature
com.facebook.react.bridge.PromiseImpl: java.lang.String STACK_FRAME_KEY_CLASS
me.zhanghai.android.materialprogressbar.R$style: int Base_Widget_AppCompat_RatingBar
me.zhanghai.android.materialprogressbar.R$attr: int dividerHorizontal
me.zhanghai.android.materialprogressbar.R$id: int action_mode_close_button
kotlinx.coroutines.JobSupport$Finishing: java.lang.Object _exceptionsHolder
me.zhanghai.android.materialprogressbar.R$styleable: int GradientColor_android_tileMode
com.swmansion.reanimated.nodes.Node: com.swmansion.reanimated.UpdateContext mUpdateContext
me.zhanghai.android.materialprogressbar.R$styleable: int AppCompatTheme_panelMenuListWidth
me.zhanghai.android.materialprogressbar.R$styleable: int AppCompatTheme_windowActionBarOverlay
me.zhanghai.android.materialprogressbar.R$styleable: int AnimatedStateListDrawableCompat_android_visible
com.google.android.gms.common.ConnectionResult: android.os.Parcelable$Creator CREATOR
me.zhanghai.android.materialprogressbar.R$styleable: int MenuItem_android_numericShortcut
kotlinx.coroutines.internal.LockFreeTaskQueue: java.lang.Object _cur
com.google.android.gms.measurement.AppMeasurement$ConditionalUserProperty: long mTimeToLive