android/app/build/outputs/mapping/release/mapping.txt
# compiler: R8
# compiler_version: 3.3.83
# min_api: 21
# common_typos_disable
# {"id":"com.android.tools.r8.mapping","version":"2.0"}
# pg_map_id: 31bc6a6
# pg_map_hash: SHA-256 31bc6a662808eaed51b9b28e40e81808b2c6810acd7a668f8244d5a08428855b
com.carservicemanagement.MainActivity -> com.carservicemanagement.MainActivity:
    com.facebook.react.ReactActivityDelegate createReactActivityDelegate() -> j0
    java.lang.String getMainComponentName() -> k0
com.carservicemanagement.MainApplication -> com.carservicemanagement.MainApplication:
    com.facebook.react.ReactNativeHost mReactNativeHost -> p
    com.facebook.react.ReactNativeHost getReactNativeHost() -> a
com.carservicemanagement.MainApplication$1 -> com.carservicemanagement.MainApplication$a:
    com.carservicemanagement.MainApplication this$0 -> c
    java.lang.String getJSMainModuleName() -> f
    java.util.List getPackages() -> i
    boolean getUseDeveloperSupport() -> o
    boolean isNewArchEnabled() -> q
com.carservicemanagement.ReactNativeFlipper -> t1.a:
    void initializeFlipper(android.content.Context,com.facebook.react.ReactInstanceManager) -> a
...
com.google.android.gms.common.internal.zzag -> g6.a1:
    int zzd -> d
    java.lang.Object zza -> a
    java.lang.String zzc -> c
    boolean zzb -> b
    int zza(android.content.Context) -> a
    void zzc(android.content.Context) -> b
com.google.android.gms.common.internal.zzah -> g6.b1:
com.google.android.gms.common.internal.zzai -> g6.c1:
com.google.android.gms.common.internal.zzb -> g6.d1:
    com.google.android.gms.common.internal.BaseGmsClient zza -> a
    void zza(android.os.Message) -> a
    boolean zzb(android.os.Message) -> b
com.google.android.gms.common.internal.zzc -> g6.e1:
    java.lang.Object zza -> a
    boolean zzb -> b
    com.google.android.gms.common.internal.BaseGmsClient zzd -> c
    void zza(java.lang.Object) -> a
    void zzc() -> b
    void zze() -> c
    void zzf() -> d
    void zzg() -> e
com.google.android.gms.common.internal.zzd -> g6.f1:
    com.google.android.gms.common.internal.BaseGmsClient zza -> a
    int zzb -> b
    void zzb(int,android.os.Bundle) -> E
    void onPostInitComplete(int,android.os.IBinder,android.os.Bundle) -> Q
    void zzc(int,android.os.IBinder,com.google.android.gms.common.internal.zzj) -> m0
com.google.android.gms.common.internal.zze -> g6.g1:
    com.google.android.gms.common.internal.BaseGmsClient zza -> b
    int zzb -> a
com.google.android.gms.common.internal.zzf -> g6.h1:
    android.os.IBinder zze -> g
    com.google.android.gms.common.internal.BaseGmsClient zzf -> h
    void zzb(com.google.android.gms.common.ConnectionResult) -> f
    boolean zzd() -> g
com.google.android.gms.common.internal.zzg -> g6.i1:
    com.google.android.gms.common.internal.BaseGmsClient zze -> g
    void zzb(com.google.android.gms.common.ConnectionResult) -> f
    boolean zzd() -> g
com.google.android.gms.common.internal.zzj -> g6.j1:
    android.os.Bundle zza -> p
    com.google.android.gms.common.Feature[] zzb -> q
    com.google.android.gms.common.internal.ConnectionTelemetryConfiguration zzd -> s
    int zzc -> r
com.google.android.gms.common.internal.zzk -> g6.k1:
com.google.android.gms.common.internal.zzl -> g6.l1:
com.google.android.gms.common.internal.zzm -> g6.m1:
    void zza(com.google.android.gms.common.internal.GetServiceRequest,android.os.Parcel,int) -> a
com.google.android.gms.common.internal.zzn -> g6.n1:
    android.net.Uri zza -> f
    android.content.ComponentName zzd -> c
    boolean zzf -> e
    java.lang.String zzb -> a
    int zze -> d
    java.lang.String zzc -> b
    int zza() -> a
    android.content.ComponentName zzb() -> b
    android.content.Intent zzc(android.content.Context) -> c
    java.lang.String zzd() -> d
com.google.android.gms.common.internal.zzo -> g6.p1:
    java.util.Map zzb -> a
    android.os.IBinder zze -> d
    com.google.android.gms.common.internal.zzn zzf -> e
    int zzc -> b
    android.content.ComponentName zzg -> f
    boolean zzd -> c
    com.google.android.gms.common.internal.zzr zza -> g
    int zza() -> a
    android.content.ComponentName zzb() -> b
    android.os.IBinder zzc() -> c
    void zzd(android.content.ServiceConnection,android.content.ServiceConnection,java.lang.String) -> d
    void zze(java.lang.String,java.util.concurrent.Executor) -> e
    void zzf(android.content.ServiceConnection,java.lang.String) -> f
    void zzg(java.lang.String) -> g
    boolean zzh(android.content.ServiceConnection) -> h
    boolean zzi() -> i
    boolean zzj() -> j
com.google.android.gms.common.internal.zzo$$ExternalSyntheticApiModelOutline0 -> g6.o1:
# {"id":"sourceFile","fileName":"R8$$SyntheticClass"}
# {"id":"com.android.tools.r8.synthesized"}
    android.os.StrictMode$VmPolicy$Builder com.google.android.gms.common.internal.zzo$$InternalSyntheticApiModelOutline$1$a68c792cf8483a6afaf074136af4c1cc3297a4ebb80ee0c67e2409753306608f$0.m(android.os.StrictMode$VmPolicy$Builder) -> a
      # {"id":"com.android.tools.r8.synthesized"}
com.google.android.gms.common.internal.zzp -> g6.q1: