android/app/build/outputs/mapping/release/usage.txt
com.carservicemanagement.BuildConfig
com.carservicemanagement.MainApplication$1:
    protected java.lang.Boolean isHermesEnabled()
com.carservicemanagement.R$anim
com.carservicemanagement.R$animator
com.carservicemanagement.R$attr
com.carservicemanagement.R$bool
com.carservicemanagement.R$color
com.carservicemanagement.R$dimen
com.carservicemanagement.R$drawable
com.carservicemanagement.R$id
com.carservicemanagement.R$integer
com.carservicemanagement.R$interpolator
com.carservicemanagement.R$layout
com.carservicemanagement.R$menu
com.carservicemanagement.R$mipmap
com.carservicemanagement.R$plurals
com.carservicemanagement.R$raw
com.carservicemanagement.R$string
com.carservicemanagement.R$style
com.carservicemanagement.R$styleable
com.carservicemanagement.R$xml
com.carservicemanagement.R
com.carservicemanagement.ReactNativeFlipper:
    public void <init>()
...
com.firebase.ui.auth.IdpResponse:
    public java.lang.String getPhoneNumber()
    public boolean isNewUser()
com.firebase.ui.auth.KickoffActivity:
    public static android.content.Intent createIntent(android.content.Context,com.firebase.ui.auth.data.model.FlowParameters)
com.firebase.ui.auth.R$anim:
    public static final int abc_fade_in
    public static final int abc_fade_out
    public static final int abc_grow_fade_in_from_bottom
    public static final int abc_popup_enter
    public static final int abc_popup_exit
    public static final int abc_shrink_fade_out_from_bottom
    public static final int abc_slide_in_bottom
    public static final int abc_slide_in_top
    public static final int abc_slide_out_bottom
    public static final int abc_slide_out_top
    public static final int abc_tooltip_enter
    public static final int abc_tooltip_exit
    public static final int btn_checkbox_to_checked_box_inner_merged_animation
    public static final int btn_checkbox_to_checked_box_outer_merged_animation
    public static final int btn_checkbox_to_checked_icon_null_animation
    public static final int btn_checkbox_to_unchecked_box_inner_merged_animation
    public static final int btn_checkbox_to_unchecked_check_path_merged_animation
    public static final int btn_checkbox_to_unchecked_icon_null_animation
    public static final int btn_radio_to_off_mtrl_dot_group_animation
    public static final int btn_radio_to_off_mtrl_ring_outer_animation
    public static final int btn_radio_to_off_mtrl_ring_outer_path_animation
    public static final int btn_radio_to_on_mtrl_dot_group_animation
    public static final int btn_radio_to_on_mtrl_ring_outer_animation
    public static final int btn_radio_to_on_mtrl_ring_outer_path_animation
com.firebase.ui.auth.R$animator
com.firebase.ui.auth.R$attr:
    public static final int actionBarDivider
    public static final int actionBarItemBackground
    public static final int actionBarPopupTheme
    public static final int actionBarSize
    public static final int actionBarSplitStyle
    public static final int actionBarStyle
    public static final int actionBarTabBarStyle
    public static final int actionBarTabStyle
    public static final int actionBarTabTextStyle
    public static final int actionBarTheme
    public static final int actionBarWidgetTheme
    public static final int actionButtonStyle
    public static final int actionDropDownStyle
    public static final int actionLayout
    public static final int actionMenuTextAppearance
    public static final int actionMenuTextColor
    public static final int actionModeBackground
    public static final int actionModeCloseButtonStyle
    public static final int actionModeCloseDrawable
    public static final int actionModeCopyDrawable
    public static final int actionModeCutDrawable
    public static final int actionModeFindDrawable
    public static final int actionModePasteDrawable
    public static final int actionModePopupWindowStyle
    public static final int actionModeSelectAllDrawable
    public static final int actionModeShareDrawable
    public static final int actionModeSplitBackground
    public static final int actionModeStyle
    public static final int actionModeWebSearchDrawable
com.firebase.ui.auth.R$bool